<?xml version="1.0" encoding="UTF-8"?>
<testng-results ignored="0" total="2" passed="2" failed="0" skipped="0">
  <reporter-output>
  </reporter-output>
  <suite started-at="2022-04-08T11:22:23 IST" name="Suite" finished-at="2022-04-08T11:22:54 IST" duration-ms="30652">
    <groups>
    </groups>
    <test started-at="2022-04-08T11:22:23 IST" name="Test" finished-at="2022-04-08T11:22:54 IST" duration-ms="30652">
      <class name="testCases.NewWorkspace">
        <test-method is-config="true" signature="preCondition()[pri:0, instance:testCases.NewWorkspace@2ddc9a9f]" started-at="2022-04-08T11:22:40 IST" name="preCondition" finished-at="2022-04-08T11:22:46 IST" duration-ms="6204" status="PASS">
          <reporter-output>
          </reporter-output>
        </test-method> <!-- preCondition -->
        <test-method signature="createWorkspace()[pri:0, instance:testCases.NewWorkspace@2ddc9a9f]" started-at="2022-04-08T11:22:46 IST" name="createWorkspace" finished-at="2022-04-08T11:22:54 IST" duration-ms="7644" status="PASS">
          <reporter-output>
          </reporter-output>
        </test-method> <!-- createWorkspace -->
        <test-method is-config="true" signature="postCondition()[pri:0, instance:testCases.NewWorkspace@2ddc9a9f]" started-at="2022-04-08T11:22:54 IST" name="postCondition" finished-at="2022-04-08T11:22:54 IST" duration-ms="0" status="PASS">
          <reporter-output>
          </reporter-output>
        </test-method> <!-- postCondition -->
      </class> <!-- testCases.NewWorkspace -->
      <class name="testCases.Login">
        <test-method is-config="true" signature="preCondition()[pri:0, instance:testCases.Login@54e1c68b]" started-at="2022-04-08T11:22:23 IST" name="preCondition" finished-at="2022-04-08T11:22:37 IST" duration-ms="13118" status="PASS">
          <reporter-output>
          </reporter-output>
        </test-method> <!-- preCondition -->
        <test-method signature="runLogin()[pri:0, instance:testCases.Login@54e1c68b]" started-at="2022-04-08T11:22:37 IST" name="runLogin" finished-at="2022-04-08T11:22:40 IST" duration-ms="3648" status="PASS">
          <reporter-output>
          </reporter-output>
        </test-method> <!-- runLogin -->
        <test-method is-config="true" signature="postCondition()[pri:0, instance:testCases.Login@54e1c68b]" started-at="2022-04-08T11:22:40 IST" name="postCondition" finished-at="2022-04-08T11:22:40 IST" duration-ms="0" status="PASS">
          <reporter-output>
          </reporter-output>
        </test-method> <!-- postCondition -->
      </class> <!-- testCases.Login -->
    </test> <!-- Test -->
  </suite> <!-- Suite -->
</testng-results>
